[1.148s] DEBUG:colcon:Command line arguments: ['/usr/bin/colcon', 'build']
[1.148s] DEBUG:colcon:Parsed command line arguments: Namespace(allow_overriding=[], ament_cmake_args=None, base_paths=['.'], build_base='build', catkin_cmake_args=None, catkin_skip_building_tests=False, cmake_args=None, cmake_clean_cache=False, cmake_clean_first=False, cmake_force_configure=False, cmake_target=None, cmake_target_skip_unavailable=False, continue_on_error=False, event_handlers=None, executor='parallel', ignore_user_meta=False, install_base='install', log_base=None, log_level=None, main=<bound method BuildVerb.main of <colcon_core.verb.build.BuildVerb object at 0x7f8a1df100>>, merge_install=False, metas=['./colcon.meta'], packages_above=None, packages_above_and_dependencies=None, packages_above_depth=None, packages_end=None, packages_ignore=None, packages_ignore_regex=None, packages_select=None, packages_select_build_failed=False, packages_select_by_dep=None, packages_select_regex=None, packages_select_test_failures=False, packages_skip=None, packages_skip_build_finished=False, packages_skip_by_dep=None, packages_skip_regex=None, packages_skip_test_passed=False, packages_skip_up_to=None, packages_start=None, packages_up_to=None, packages_up_to_regex=None, parallel_workers=4, paths=None, symlink_install=False, test_result_base=None, verb_extension=<colcon_core.verb.build.BuildVerb object at 0x7f8a1df100>, verb_name='build', verb_parser=<colcon_defaults.argument_parser.defaults.DefaultArgumentsDecorator object at 0x7f8a16ed60>)
[1.482s] Level 1:colcon.colcon_core.package_discovery:discover_packages(colcon_meta) check parameters
[1.483s] Level 1:colcon.colcon_core.package_discovery:discover_packages(recursive) check parameters
[1.483s] Level 1:colcon.colcon_core.package_discovery:discover_packages(ignore) check parameters
[1.483s] Level 1:colcon.colcon_core.package_discovery:discover_packages(path) check parameters
[1.483s] Level 1:colcon.colcon_core.package_discovery:discover_packages(colcon_meta) discover
[1.484s] Level 1:colcon.colcon_core.package_discovery:discover_packages(recursive) discover
[1.484s] INFO:colcon.colcon_core.package_discovery:Crawling recursively for packages in '/home/jetson/drone_ws/src/drone'
[1.484s] Level 1:colcon.colcon_core.package_identification:_identify(.) by extensions ['ignore', 'ignore_ament_install']
[1.485s] Level 1:colcon.colcon_core.package_identification:_identify(.) by extension 'ignore'
[1.485s] Level 1:colcon.colcon_core.package_identification:_identify(.) by extension 'ignore_ament_install'
[1.485s] Level 1:colcon.colcon_core.package_identification:_identify(.) by extensions ['colcon_pkg']
[1.485s] Level 1:colcon.colcon_core.package_identification:_identify(.) by extension 'colcon_pkg'
[1.485s] Level 1:colcon.colcon_core.package_identification:_identify(.) by extensions ['colcon_meta']
[1.486s] Level 1:colcon.colcon_core.package_identification:_identify(.) by extension 'colcon_meta'
[1.486s] Level 1:colcon.colcon_core.package_identification:_identify(.) by extensions ['ros']
[1.486s] Level 1:colcon.colcon_core.package_identification:_identify(.) by extension 'ros'
[1.560s] DEBUG:colcon.colcon_core.package_identification:Package '.' with type 'ros.ament_cmake' and name 'drone'
[1.560s] Level 1:colcon.colcon_core.package_discovery:discover_packages(recursive) using defaults
[1.560s] Level 1:colcon.colcon_core.package_discovery:discover_packages(ignore) discover
[1.560s] Level 1:colcon.colcon_core.package_discovery:discover_packages(ignore) using defaults
[1.560s] Level 1:colcon.colcon_core.package_discovery:discover_packages(path) discover
[1.560s] Level 1:colcon.colcon_core.package_discovery:discover_packages(path) using defaults
[1.666s] Level 1:colcon.colcon_core.package_discovery:discover_packages(prefix_path) check parameters
[1.667s] Level 1:colcon.colcon_core.package_discovery:discover_packages(prefix_path) discover
[1.681s] DEBUG:colcon.colcon_installed_package_information.package_discovery:Found 256 installed packages in /opt/ros/foxy
[1.690s] Level 1:colcon.colcon_core.package_discovery:discover_packages(prefix_path) using defaults
[1.952s] Level 5:colcon.colcon_core.verb:set package 'drone' build argument 'cmake_args' from command line to 'None'
[1.952s] Level 5:colcon.colcon_core.verb:set package 'drone' build argument 'cmake_target' from command line to 'None'
[1.952s] Level 5:colcon.colcon_core.verb:set package 'drone' build argument 'cmake_target_skip_unavailable' from command line to 'False'
[1.952s] Level 5:colcon.colcon_core.verb:set package 'drone' build argument 'cmake_clean_cache' from command line to 'False'
[1.952s] Level 5:colcon.colcon_core.verb:set package 'drone' build argument 'cmake_clean_first' from command line to 'False'
[1.953s] Level 5:colcon.colcon_core.verb:set package 'drone' build argument 'cmake_force_configure' from command line to 'False'
[1.953s] Level 5:colcon.colcon_core.verb:set package 'drone' build argument 'ament_cmake_args' from command line to 'None'
[1.953s] Level 5:colcon.colcon_core.verb:set package 'drone' build argument 'catkin_cmake_args' from command line to 'None'
[1.953s] Level 5:colcon.colcon_core.verb:set package 'drone' build argument 'catkin_skip_building_tests' from command line to 'False'
[1.953s] DEBUG:colcon.colcon_core.verb:Building package 'drone' with the following arguments: {'ament_cmake_args': None, 'build_base': '/home/jetson/drone_ws/src/drone/build/drone', 'catkin_cmake_args': None, 'catkin_skip_building_tests': False, 'cmake_args': None, 'cmake_clean_cache': False, 'cmake_clean_first': False, 'cmake_force_configure': False, 'cmake_target': None, 'cmake_target_skip_unavailable': False, 'install_base': '/home/jetson/drone_ws/src/drone/install/drone', 'merge_install': False, 'path': '/home/jetson/drone_ws/src/drone', 'symlink_install': False, 'test_result_base': None}
[1.954s] INFO:colcon.colcon_core.executor:Executing jobs using 'parallel' executor
[1.957s] DEBUG:colcon.colcon_parallel_executor.executor.parallel:run_until_complete
[1.958s] INFO:colcon.colcon_ros.task.ament_cmake.build:Building ROS package in '/home/jetson/drone_ws/src/drone' with build type 'ament_cmake'
[1.958s] INFO:colcon.colcon_cmake.task.cmake.build:Building CMake package in '/home/jetson/drone_ws/src/drone'
[1.977s] INFO:colcon.colcon_core.plugin_system:Skipping extension 'colcon_core.shell.bat': Not used on non-Windows systems
[1.978s] INFO:colcon.colcon_core.shell:Skip shell extension 'powershell' for command environment: Not usable outside of PowerShell
[1.979s] DEBUG:colcon.colcon_core.shell:Skip shell extension 'dsv' for command environment
[2.010s] DEBUG:colcon.colcon_core.event_handler.log_command:Invoking command in '/home/jetson/drone_ws/src/drone/build/drone': CMAKE_PREFIX_PATH=/opt/ros/foxy /usr/bin/cmake /home/jetson/drone_ws/src/drone -DCMAKE_INSTALL_PREFIX=/home/jetson/drone_ws/src/drone/install/drone
[8.368s] DEBUG:colcon.colcon_core.event_handler.log_command:Invoked command in '/home/jetson/drone_ws/src/drone/build/drone' returned '1': CMAKE_PREFIX_PATH=/opt/ros/foxy /usr/bin/cmake /home/jetson/drone_ws/src/drone -DCMAKE_INSTALL_PREFIX=/home/jetson/drone_ws/src/drone/install/drone
[8.395s] Level 1:colcon.colcon_core.environment:create_environment_scripts_only(drone)
[8.413s] Level 1:colcon.colcon_core.environment:checking '/home/jetson/drone_ws/src/drone/install/drone' for CMake module files
[8.415s] Level 1:colcon.colcon_core.environment:checking '/home/jetson/drone_ws/src/drone/install/drone' for CMake config files
[8.416s] Level 1:colcon.colcon_core.environment:checking '/home/jetson/drone_ws/src/drone/install/drone/bin'
[8.417s] Level 1:colcon.colcon_core.environment:checking '/home/jetson/drone_ws/src/drone/install/drone/lib/pkgconfig/drone.pc'
[8.418s] Level 1:colcon.colcon_core.environment:checking '/home/jetson/drone_ws/src/drone/install/drone/lib/python3.8/site-packages'
[8.418s] Level 1:colcon.colcon_core.environment:checking '/home/jetson/drone_ws/src/drone/install/drone/bin'
[8.420s] INFO:colcon.colcon_core.shell:Creating package script '/home/jetson/drone_ws/src/drone/install/drone/share/drone/package.ps1'
[8.426s] INFO:colcon.colcon_core.shell:Creating package descriptor '/home/jetson/drone_ws/src/drone/install/drone/share/drone/package.dsv'
[8.428s] INFO:colcon.colcon_core.shell:Creating package script '/home/jetson/drone_ws/src/drone/install/drone/share/drone/package.sh'
[8.431s] INFO:colcon.colcon_core.shell:Creating package script '/home/jetson/drone_ws/src/drone/install/drone/share/drone/package.bash'
[8.435s] INFO:colcon.colcon_core.shell:Creating package script '/home/jetson/drone_ws/src/drone/install/drone/share/drone/package.zsh'
[8.439s] Level 1:colcon.colcon_core.environment:create_file_with_runtime_dependencies(/home/jetson/drone_ws/src/drone/install/drone/share/colcon-core/packages/drone)
[8.450s] DEBUG:colcon.colcon_parallel_executor.executor.parallel:closing loop
[8.451s] DEBUG:colcon.colcon_parallel_executor.executor.parallel:loop closed
[8.451s] DEBUG:colcon.colcon_parallel_executor.executor.parallel:run_until_complete finished with '1'
[8.452s] DEBUG:colcon.colcon_core.event_reactor:joining thread
[8.478s] INFO:colcon.colcon_core.plugin_system:Skipping extension 'colcon_notification.desktop_notification.terminal_notifier': Not used on non-Darwin systems
[8.479s] INFO:colcon.colcon_core.plugin_system:Skipping extension 'colcon_notification.desktop_notification.win32': Not used on non-Windows systems
[8.479s] INFO:colcon.colcon_notification.desktop_notification:Sending desktop notification using 'notify2'
[8.546s] DEBUG:colcon.colcon_core.event_reactor:joined thread
[8.547s] INFO:colcon.colcon_core.shell:Creating prefix script '/home/jetson/drone_ws/src/drone/install/local_setup.ps1'
[8.552s] INFO:colcon.colcon_core.shell:Creating prefix util module '/home/jetson/drone_ws/src/drone/install/_local_setup_util_ps1.py'
[8.559s] INFO:colcon.colcon_core.shell:Creating prefix chain script '/home/jetson/drone_ws/src/drone/install/setup.ps1'
[8.564s] INFO:colcon.colcon_core.shell:Creating prefix script '/home/jetson/drone_ws/src/drone/install/local_setup.sh'
[8.567s] INFO:colcon.colcon_core.shell:Creating prefix util module '/home/jetson/drone_ws/src/drone/install/_local_setup_util_sh.py'
[8.568s] INFO:colcon.colcon_core.shell:Creating prefix chain script '/home/jetson/drone_ws/src/drone/install/setup.sh'
[8.573s] INFO:colcon.colcon_core.shell:Creating prefix script '/home/jetson/drone_ws/src/drone/install/local_setup.bash'
[8.576s] INFO:colcon.colcon_core.shell:Creating prefix chain script '/home/jetson/drone_ws/src/drone/install/setup.bash'
[8.580s] INFO:colcon.colcon_core.shell:Creating prefix script '/home/jetson/drone_ws/src/drone/install/local_setup.zsh'
[8.583s] INFO:colcon.colcon_core.shell:Creating prefix chain script '/home/jetson/drone_ws/src/drone/install/setup.zsh'
