[0.038s] Invoking command in '/home/jetson/drone_ws/src/drone/build/drone': CMAKE_PREFIX_PATH=/opt/ros/foxy /usr/bin/cmake /home/jetson/drone_ws/src/drone -DCMAKE_INSTALL_PREFIX=/home/jetson/drone_ws/src/drone/install/drone
[0.080s] -- Found ament_cmake: 0.9.12 (/opt/ros/foxy/share/ament_cmake/cmake)
[0.086s] [33mCMake Warning (dev) at /opt/ros/foxy/share/ament_cmake_core/cmake/core/python.cmake:22 (find_package):
[0.086s]   Policy CMP0148 is not set: The FindPythonInterp and FindPythonLibs modules
[0.087s]   are removed.  Run "cmake --help-policy CMP0148" for policy details.  Use
[0.087s]   the cmake_policy command to set the policy and suppress this warning.
[0.087s] 
[0.088s] Call Stack (most recent call first):
[0.088s]   /opt/ros/foxy/share/ament_cmake_core/cmake/core/all.cmake:53 (include)
[0.088s]   /opt/ros/foxy/share/ament_cmake_core/cmake/ament_cmake_core-extras.cmake:17 (include)
[0.089s]   /opt/ros/foxy/share/ament_cmake_core/cmake/ament_cmake_coreConfig.cmake:41 (include)
[0.089s]   /opt/ros/foxy/share/ament_cmake/cmake/ament_cmake_export_dependencies-extras.cmake:15 (find_package)
[0.090s]   /opt/ros/foxy/share/ament_cmake/cmake/ament_cmakeConfig.cmake:41 (include)
[0.090s]   CMakeLists.txt:14 (find_package)
[0.090s] This warning is for project developers.  Use -Wno-dev to suppress it.
[0.091s] [0m
[0.172s] -- Using PYTHON_EXECUTABLE: /usr/bin/python3
[0.986s] -- Found rclcpp: 2.4.3 (/opt/ros/foxy/share/rclcpp/cmake)
[1.126s] -- Using all available rosidl_typesupport_c: rosidl_typesupport_fastrtps_c;rosidl_typesupport_introspection_c
[1.140s] -- Found rosidl_adapter: 1.3.1 (/opt/ros/foxy/share/rosidl_adapter/cmake)
[1.669s] -- Using all available rosidl_typesupport_cpp: rosidl_typesupport_fastrtps_cpp;rosidl_typesupport_introspection_cpp
[1.859s] -- Found rmw_implementation_cmake: 1.0.4 (/opt/ros/foxy/share/rmw_implementation_cmake/cmake)
[1.864s] -- Using RMW implementation 'rmw_fastrtps_cpp' as default
[2.441s] -- Found rclpy: 1.0.13 (/opt/ros/foxy/share/rclpy/cmake)
[2.447s] [31mCMake Error at /opt/ros/foxy/share/ament_cmake_python/cmake/ament_python_install_package.cmake:46 (message):
[2.448s]   ament_python_install_package() the Python package folder
[2.448s]   '/home/jetson/drone_ws/src/drone/drone' doesn't contain an '__init__.py'
[2.449s]   file
[2.449s] Call Stack (most recent call first):
[2.450s]   /opt/ros/foxy/share/ament_cmake_python/cmake/ament_python_install_package.cmake:28 (_ament_cmake_python_install_package)
[2.450s]   CMakeLists.txt:31 (ament_python_install_package)
[2.451s] 
[2.451s] [0m
[2.451s] -- Configuring incomplete, errors occurred!
[2.469s] Invoked command in '/home/jetson/drone_ws/src/drone/build/drone' returned '1': CMAKE_PREFIX_PATH=/opt/ros/foxy /usr/bin/cmake /home/jetson/drone_ws/src/drone -DCMAKE_INSTALL_PREFIX=/home/jetson/drone_ws/src/drone/install/drone
