-- The C compiler identification is GNU 8.4.0
-- The CXX compiler identification is GNU 8.4.0
-- Detecting C compiler ABI info
-- Detecting C compiler ABI info - done
-- Check for working C compiler: /usr/bin/cc - skipped
-- Detecting C compile features
-- Detecting C compile features - done
-- Detecting CXX compiler ABI info
-- Detecting CXX compiler ABI info - done
-- Check for working CXX compiler: /usr/bin/c++ - skipped
-- Detecting CXX compile features
-- Detecting CXX compile features - done
-- Found ament_cmake: 0.9.12 (/opt/ros/foxy/share/ament_cmake/cmake)
-- Found PythonInterp: /usr/bin/python3 (found suitable version "3.8.10", minimum required is "3") 
-- Using PYTHON_EXECUTABLE: /usr/bin/python3
-- Found rclcpp: 2.4.3 (/opt/ros/foxy/share/rclcpp/cmake)
-- Using all available rosidl_typesupport_c: rosidl_typesupport_fastrtps_c;rosidl_typesupport_introspection_c
-- Found rosidl_adapter: 1.3.1 (/opt/ros/foxy/share/rosidl_adapter/cmake)
-- Found OpenSSL: /usr/lib/aarch64-linux-gnu/libcrypto.so (found version "1.1.1f")  
-- Found FastRTPS: /opt/ros/foxy/include  
-- Using all available rosidl_typesupport_cpp: rosidl_typesupport_fastrtps_cpp;rosidl_typesupport_introspection_cpp
-- Found rmw_implementation_cmake: 1.0.4 (/opt/ros/foxy/share/rmw_implementation_cmake/cmake)
-- Using RMW implementation 'rmw_fastrtps_cpp' as default
-- Performing Test CMAKE_HAVE_LIBC_PTHREAD
-- Performing Test CMAKE_HAVE_LIBC_PTHREAD - Failed
-- Looking for pthread_create in pthreads
-- Looking for pthread_create in pthreads - not found
-- Looking for pthread_create in pthread
-- Looking for pthread_create in pthread - found
-- Found Threads: TRUE  
-- Found rclpy: 1.0.13 (/opt/ros/foxy/share/rclpy/cmake)
-- Configuring done (6.6s)
-- Generating done (0.0s)
-- Build files have been written to: /home/jetson/P4_DroneProject/build/drone
[ 50%] [32mBuilding CXX object CMakeFiles/cpp_executable.dir/src/drone_control_node.cpp.o[0m
[100%] [32m[1mLinking CXX executable cpp_executable[0m
[100%] Built target cpp_executable
-- Install configuration: ""
-- Installing: /home/jetson/P4_DroneProject/install/drone/lib/drone/cpp_executable
-- Set non-toolchain portion of runtime path of "/home/jetson/P4_DroneProject/install/drone/lib/drone/cpp_executable" to ""
-- Installing: /home/jetson/P4_DroneProject/install/drone/share/drone/environment/pythonpath.sh
-- Installing: /home/jetson/P4_DroneProject/install/drone/share/drone/environment/pythonpath.dsv
-- Installing: /home/jetson/P4_DroneProject/install/drone/lib/python3.8/site-packages/drone
-- Installing: /home/jetson/P4_DroneProject/install/drone/lib/python3.8/site-packages/drone/module_to_import.py
-- Installing: /home/jetson/P4_DroneProject/install/drone/lib/python3.8/site-packages/drone/__init__.py
Listing '/home/jetson/P4_DroneProject/install/drone/lib/python3.8/site-packages/drone'...
Compiling '/home/jetson/P4_DroneProject/install/drone/lib/python3.8/site-packages/drone/__init__.py'...
Compiling '/home/jetson/P4_DroneProject/install/drone/lib/python3.8/site-packages/drone/module_to_import.py'...
-- Installing: /home/jetson/P4_DroneProject/install/drone/lib/drone/fc_command.py
-- Installing: /home/jetson/P4_DroneProject/install/drone/share/ament_index/resource_index/package_run_dependencies/drone
-- Installing: /home/jetson/P4_DroneProject/install/drone/share/ament_index/resource_index/parent_prefix_path/drone
-- Installing: /home/jetson/P4_DroneProject/install/drone/share/drone/environment/ament_prefix_path.sh
-- Installing: /home/jetson/P4_DroneProject/install/drone/share/drone/environment/ament_prefix_path.dsv
-- Installing: /home/jetson/P4_DroneProject/install/drone/share/drone/environment/path.sh
-- Installing: /home/jetson/P4_DroneProject/install/drone/share/drone/environment/path.dsv
-- Installing: /home/jetson/P4_DroneProject/install/drone/share/drone/local_setup.bash
-- Installing: /home/jetson/P4_DroneProject/install/drone/share/drone/local_setup.sh
-- Installing: /home/jetson/P4_DroneProject/install/drone/share/drone/local_setup.zsh
-- Installing: /home/jetson/P4_DroneProject/install/drone/share/drone/local_setup.dsv
-- Installing: /home/jetson/P4_DroneProject/install/drone/share/drone/package.dsv
-- Installing: /home/jetson/P4_DroneProject/install/drone/share/ament_index/resource_index/packages/drone
-- Installing: /home/jetson/P4_DroneProject/install/drone/share/drone/cmake/droneConfig.cmake
-- Installing: /home/jetson/P4_DroneProject/install/drone/share/drone/cmake/droneConfig-version.cmake
-- Installing: /home/jetson/P4_DroneProject/install/drone/share/drone/package.xml
