[0.047s] Invoking command in '/home/jetson/P4_DroneProject/build/drone': CMAKE_PREFIX_PATH=/opt/ros/foxy /usr/bin/cmake /home/jetson/P4_DroneProject/drone -DCMAKE_INSTALL_PREFIX=/home/jetson/P4_DroneProject/install/drone
[0.776s] -- The C compiler identification is GNU 8.4.0
[1.251s] -- The CXX compiler identification is GNU 8.4.0
[1.335s] -- Detecting C compiler ABI info
[1.568s] -- Detecting C compiler ABI info - done
[1.609s] -- Check for working C compiler: /usr/bin/cc - skipped
[1.612s] -- Detecting C compile features
[1.614s] -- Detecting C compile features - done
[1.656s] -- Detecting CXX compiler ABI info
[1.912s] -- Detecting CXX compiler ABI info - done
[1.955s] -- Check for working CXX compiler: /usr/bin/c++ - skipped
[1.956s] -- Detecting CXX compile features
[1.959s] -- Detecting CXX compile features - done
[1.988s] -- Found ament_cmake: 0.9.12 (/opt/ros/foxy/share/ament_cmake/cmake)
[2.016s] [33mCMake Warning (dev) at /opt/ros/foxy/share/ament_cmake_core/cmake/core/python.cmake:22 (find_package):
[2.017s]   Policy CMP0148 is not set: The FindPythonInterp and FindPythonLibs modules
[2.017s]   are removed.  Run "cmake --help-policy CMP0148" for policy details.  Use
[2.018s]   the cmake_policy command to set the policy and suppress this warning.
[2.018s] 
[2.019s] Call Stack (most recent call first):
[2.019s]   /opt/ros/foxy/share/ament_cmake_core/cmake/core/all.cmake:53 (include)
[2.019s]   /opt/ros/foxy/share/ament_cmake_core/cmake/ament_cmake_core-extras.cmake:17 (include)
[2.020s]   /opt/ros/foxy/share/ament_cmake_core/cmake/ament_cmake_coreConfig.cmake:41 (include)
[2.020s]   /opt/ros/foxy/share/ament_cmake/cmake/ament_cmake_export_dependencies-extras.cmake:15 (find_package)
[2.021s]   /opt/ros/foxy/share/ament_cmake/cmake/ament_cmakeConfig.cmake:41 (include)
[2.021s]   CMakeLists.txt:14 (find_package)
[2.021s] This warning is for project developers.  Use -Wno-dev to suppress it.
[2.022s] [0m
[2.107s] -- Found PythonInterp: /usr/bin/python3 (found suitable version "3.8.10", minimum required is "3") 
[2.108s] -- Using PYTHON_EXECUTABLE: /usr/bin/python3
[3.098s] -- Found rclcpp: 2.4.3 (/opt/ros/foxy/share/rclcpp/cmake)
[3.371s] -- Using all available rosidl_typesupport_c: rosidl_typesupport_fastrtps_c;rosidl_typesupport_introspection_c
[3.413s] -- Found rosidl_adapter: 1.3.1 (/opt/ros/foxy/share/rosidl_adapter/cmake)
[3.823s] -- Found OpenSSL: /usr/lib/aarch64-linux-gnu/libcrypto.so (found version "1.1.1f")  
[3.952s] -- Found FastRTPS: /opt/ros/foxy/include  
[4.342s] -- Using all available rosidl_typesupport_cpp: rosidl_typesupport_fastrtps_cpp;rosidl_typesupport_introspection_cpp
[4.624s] -- Found rmw_implementation_cmake: 1.0.4 (/opt/ros/foxy/share/rmw_implementation_cmake/cmake)
[4.632s] -- Using RMW implementation 'rmw_fastrtps_cpp' as default
[4.638s] -- Performing Test CMAKE_HAVE_LIBC_PTHREAD
[4.875s] -- Performing Test CMAKE_HAVE_LIBC_PTHREAD - Failed
[4.875s] -- Looking for pthread_create in pthreads
[5.039s] -- Looking for pthread_create in pthreads - not found
[5.039s] -- Looking for pthread_create in pthread
[5.376s] -- Looking for pthread_create in pthread - found
[5.380s] -- Found Threads: TRUE  
[6.076s] -- Found rclpy: 1.0.13 (/opt/ros/foxy/share/rclpy/cmake)
[6.839s] -- Configuring done (6.6s)
[6.873s] -- Generating done (0.0s)
[6.879s] -- Build files have been written to: /home/jetson/P4_DroneProject/build/drone
[6.909s] Invoked command in '/home/jetson/P4_DroneProject/build/drone' returned '0': CMAKE_PREFIX_PATH=/opt/ros/foxy /usr/bin/cmake /home/jetson/P4_DroneProject/drone -DCMAKE_INSTALL_PREFIX=/home/jetson/P4_DroneProject/install/drone
[6.919s] Invoking command in '/home/jetson/P4_DroneProject/build/drone': CMAKE_PREFIX_PATH=/opt/ros/foxy /usr/bin/cmake --build /home/jetson/P4_DroneProject/build/drone -- -j4 -l4
[7.003s] [ 50%] [32mBuilding CXX object CMakeFiles/cpp_executable.dir/src/drone_control_node.cpp.o[0m
[13.046s] [100%] [32m[1mLinking CXX executable cpp_executable[0m
[13.591s] [100%] Built target cpp_executable
[13.607s] Invoked command in '/home/jetson/P4_DroneProject/build/drone' returned '0': CMAKE_PREFIX_PATH=/opt/ros/foxy /usr/bin/cmake --build /home/jetson/P4_DroneProject/build/drone -- -j4 -l4
[13.691s] Invoking command in '/home/jetson/P4_DroneProject/build/drone': CMAKE_PREFIX_PATH=/opt/ros/foxy /usr/bin/cmake --install /home/jetson/P4_DroneProject/build/drone
[13.702s] -- Install configuration: ""
[13.702s] -- Installing: /home/jetson/P4_DroneProject/install/drone/lib/drone/cpp_executable
[13.704s] -- Set non-toolchain portion of runtime path of "/home/jetson/P4_DroneProject/install/drone/lib/drone/cpp_executable" to ""
[13.704s] -- Installing: /home/jetson/P4_DroneProject/install/drone/share/drone/environment/pythonpath.sh
[13.704s] -- Installing: /home/jetson/P4_DroneProject/install/drone/share/drone/environment/pythonpath.dsv
[13.705s] -- Installing: /home/jetson/P4_DroneProject/install/drone/lib/python3.8/site-packages/drone
[13.705s] -- Installing: /home/jetson/P4_DroneProject/install/drone/lib/python3.8/site-packages/drone/module_to_import.py
[13.706s] -- Installing: /home/jetson/P4_DroneProject/install/drone/lib/python3.8/site-packages/drone/__init__.py
[13.863s] Listing '/home/jetson/P4_DroneProject/install/drone/lib/python3.8/site-packages/drone'...
[13.864s] Compiling '/home/jetson/P4_DroneProject/install/drone/lib/python3.8/site-packages/drone/__init__.py'...
[13.864s] Compiling '/home/jetson/P4_DroneProject/install/drone/lib/python3.8/site-packages/drone/module_to_import.py'...
[13.884s] -- Installing: /home/jetson/P4_DroneProject/install/drone/lib/drone/fc_command.py
[13.886s] -- Installing: /home/jetson/P4_DroneProject/install/drone/share/ament_index/resource_index/package_run_dependencies/drone
[13.887s] -- Installing: /home/jetson/P4_DroneProject/install/drone/share/ament_index/resource_index/parent_prefix_path/drone
[13.888s] -- Installing: /home/jetson/P4_DroneProject/install/drone/share/drone/environment/ament_prefix_path.sh
[13.888s] -- Installing: /home/jetson/P4_DroneProject/install/drone/share/drone/environment/ament_prefix_path.dsv
[13.889s] -- Installing: /home/jetson/P4_DroneProject/install/drone/share/drone/environment/path.sh
[13.889s] -- Installing: /home/jetson/P4_DroneProject/install/drone/share/drone/environment/path.dsv
[13.890s] -- Installing: /home/jetson/P4_DroneProject/install/drone/share/drone/local_setup.bash
[13.890s] -- Installing: /home/jetson/P4_DroneProject/install/drone/share/drone/local_setup.sh
[13.891s] -- Installing: /home/jetson/P4_DroneProject/install/drone/share/drone/local_setup.zsh
[13.891s] -- Installing: /home/jetson/P4_DroneProject/install/drone/share/drone/local_setup.dsv
[13.891s] -- Installing: /home/jetson/P4_DroneProject/install/drone/share/drone/package.dsv
[13.892s] -- Installing: /home/jetson/P4_DroneProject/install/drone/share/ament_index/resource_index/packages/drone
[13.893s] -- Installing: /home/jetson/P4_DroneProject/install/drone/share/drone/cmake/droneConfig.cmake
[13.893s] -- Installing: /home/jetson/P4_DroneProject/install/drone/share/drone/cmake/droneConfig-version.cmake
[13.893s] -- Installing: /home/jetson/P4_DroneProject/install/drone/share/drone/package.xml
[13.900s] Invoked command in '/home/jetson/P4_DroneProject/build/drone' returned '0': CMAKE_PREFIX_PATH=/opt/ros/foxy /usr/bin/cmake --install /home/jetson/P4_DroneProject/build/drone
