[0.049s] Invoking command in '/home/jetson/drone_ws/src/drone/build/drone': CMAKE_PREFIX_PATH=/opt/ros/foxy /usr/bin/cmake /home/jetson/drone_ws/src/drone -DCMAKE_INSTALL_PREFIX=/home/jetson/drone_ws/src/drone/install/drone
[0.762s] -- The C compiler identification is GNU 8.4.0
[1.232s] -- The CXX compiler identification is GNU 8.4.0
[1.318s] -- Detecting C compiler ABI info
[1.551s] -- Detecting C compiler ABI info - done
[1.591s] -- Check for working C compiler: /usr/bin/cc - skipped
[1.595s] -- Detecting C compile features
[1.597s] -- Detecting C compile features - done
[1.640s] -- Detecting CXX compiler ABI info
[1.900s] -- Detecting CXX compiler ABI info - done
[1.943s] -- Check for working CXX compiler: /usr/bin/c++ - skipped
[1.944s] -- Detecting CXX compile features
[1.947s] -- Detecting CXX compile features - done
[1.974s] -- Found ament_cmake: 0.9.12 (/opt/ros/foxy/share/ament_cmake/cmake)
[2.003s] [33mCMake Warning (dev) at /opt/ros/foxy/share/ament_cmake_core/cmake/core/python.cmake:22 (find_package):
[2.004s]   Policy CMP0148 is not set: The FindPythonInterp and FindPythonLibs modules
[2.004s]   are removed.  Run "cmake --help-policy CMP0148" for policy details.  Use
[2.004s]   the cmake_policy command to set the policy and suppress this warning.
[2.005s] 
[2.005s] Call Stack (most recent call first):
[2.005s]   /opt/ros/foxy/share/ament_cmake_core/cmake/core/all.cmake:53 (include)
[2.006s]   /opt/ros/foxy/share/ament_cmake_core/cmake/ament_cmake_core-extras.cmake:17 (include)
[2.007s]   /opt/ros/foxy/share/ament_cmake_core/cmake/ament_cmake_coreConfig.cmake:41 (include)
[2.007s]   /opt/ros/foxy/share/ament_cmake/cmake/ament_cmake_export_dependencies-extras.cmake:15 (find_package)
[2.007s]   /opt/ros/foxy/share/ament_cmake/cmake/ament_cmakeConfig.cmake:41 (include)
[2.008s]   CMakeLists.txt:14 (find_package)
[2.008s] This warning is for project developers.  Use -Wno-dev to suppress it.
[2.009s] [0m
[2.092s] -- Found PythonInterp: /usr/bin/python3 (found suitable version "3.8.10", minimum required is "3") 
[2.093s] -- Using PYTHON_EXECUTABLE: /usr/bin/python3
[3.052s] -- Found rclcpp: 2.4.3 (/opt/ros/foxy/share/rclcpp/cmake)
[3.317s] -- Using all available rosidl_typesupport_c: rosidl_typesupport_fastrtps_c;rosidl_typesupport_introspection_c
[3.360s] -- Found rosidl_adapter: 1.3.1 (/opt/ros/foxy/share/rosidl_adapter/cmake)
[3.762s] -- Found OpenSSL: /usr/lib/aarch64-linux-gnu/libcrypto.so (found version "1.1.1f")  
[3.892s] -- Found FastRTPS: /opt/ros/foxy/include  
[4.282s] -- Using all available rosidl_typesupport_cpp: rosidl_typesupport_fastrtps_cpp;rosidl_typesupport_introspection_cpp
[4.561s] -- Found rmw_implementation_cmake: 1.0.4 (/opt/ros/foxy/share/rmw_implementation_cmake/cmake)
[4.569s] -- Using RMW implementation 'rmw_fastrtps_cpp' as default
[4.574s] -- Performing Test CMAKE_HAVE_LIBC_PTHREAD
[4.805s] -- Performing Test CMAKE_HAVE_LIBC_PTHREAD - Failed
[4.805s] -- Looking for pthread_create in pthreads
[4.964s] -- Looking for pthread_create in pthreads - not found
[4.964s] -- Looking for pthread_create in pthread
[5.164s] -- Looking for pthread_create in pthread - found
[5.168s] -- Found Threads: TRUE  
[5.868s] -- Found rclpy: 1.0.13 (/opt/ros/foxy/share/rclpy/cmake)
[6.375s] [31mCMake Error at /opt/ros/foxy/share/ament_cmake_python/cmake/ament_python_install_package.cmake:46 (message):
[6.375s]   ament_python_install_package() the Python package folder
[6.376s]   '/home/jetson/drone_ws/src/drone/drone' doesn't contain an '__init__.py'
[6.376s]   file
[6.376s] Call Stack (most recent call first):
[6.377s]   /opt/ros/foxy/share/ament_cmake_python/cmake/ament_python_install_package.cmake:28 (_ament_cmake_python_install_package)
[6.377s]   CMakeLists.txt:31 (ament_python_install_package)
[6.377s] 
[6.378s] [0m
[6.378s] -- Configuring incomplete, errors occurred!
[6.408s] Invoked command in '/home/jetson/drone_ws/src/drone/build/drone' returned '1': CMAKE_PREFIX_PATH=/opt/ros/foxy /usr/bin/cmake /home/jetson/drone_ws/src/drone -DCMAKE_INSTALL_PREFIX=/home/jetson/drone_ws/src/drone/install/drone
