[1.188s] DEBUG:colcon:Command line arguments: ['/usr/bin/colcon', 'build']
[1.188s] DEBUG:colcon:Parsed command line arguments: Namespace(allow_overriding=[], ament_cmake_args=None, base_paths=['.'], build_base='build', catkin_cmake_args=None, catkin_skip_building_tests=False, cmake_args=None, cmake_clean_cache=False, cmake_clean_first=False, cmake_force_configure=False, cmake_target=None, cmake_target_skip_unavailable=False, continue_on_error=False, event_handlers=None, executor='parallel', ignore_user_meta=False, install_base='install', log_base=None, log_level=None, main=<bound method BuildVerb.main of <colcon_core.verb.build.BuildVerb object at 0x7f9f134130>>, merge_install=False, metas=['./colcon.meta'], packages_above=None, packages_above_and_dependencies=None, packages_above_depth=None, packages_end=None, packages_ignore=None, packages_ignore_regex=None, packages_select=None, packages_select_build_failed=False, packages_select_by_dep=None, packages_select_regex=None, packages_select_test_failures=False, packages_skip=None, packages_skip_build_finished=False, packages_skip_by_dep=None, packages_skip_regex=None, packages_skip_test_passed=False, packages_skip_up_to=None, packages_start=None, packages_up_to=None, packages_up_to_regex=None, parallel_workers=4, paths=None, symlink_install=False, test_result_base=None, verb_extension=<colcon_core.verb.build.BuildVerb object at 0x7f9f134130>, verb_name='build', verb_parser=<colcon_defaults.argument_parser.defaults.DefaultArgumentsDecorator object at 0x7f9f0c3d90>)
[1.502s] Level 1:colcon.colcon_core.package_discovery:discover_packages(colcon_meta) check parameters
[1.502s] Level 1:colcon.colcon_core.package_discovery:discover_packages(recursive) check parameters
[1.503s] Level 1:colcon.colcon_core.package_discovery:discover_packages(ignore) check parameters
[1.503s] Level 1:colcon.colcon_core.package_discovery:discover_packages(path) check parameters
[1.503s] Level 1:colcon.colcon_core.package_discovery:discover_packages(colcon_meta) discover
[1.503s] Level 1:colcon.colcon_core.package_discovery:discover_packages(recursive) discover
[1.503s] INFO:colcon.colcon_core.package_discovery:Crawling recursively for packages in '/home/jetson/P4_DroneProject'
[1.504s] Level 1:colcon.colcon_core.package_identification:_identify(.) by extensions ['ignore', 'ignore_ament_install']
[1.504s] Level 1:colcon.colcon_core.package_identification:_identify(.) by extension 'ignore'
[1.504s] Level 1:colcon.colcon_core.package_identification:_identify(.) by extension 'ignore_ament_install'
[1.505s] Level 1:colcon.colcon_core.package_identification:_identify(.) by extensions ['colcon_pkg']
[1.505s] Level 1:colcon.colcon_core.package_identification:_identify(.) by extension 'colcon_pkg'
[1.505s] Level 1:colcon.colcon_core.package_identification:_identify(.) by extensions ['colcon_meta']
[1.505s] Level 1:colcon.colcon_core.package_identification:_identify(.) by extension 'colcon_meta'
[1.505s] Level 1:colcon.colcon_core.package_identification:_identify(.) by extensions ['ros']
[1.505s] Level 1:colcon.colcon_core.package_identification:_identify(.) by extension 'ros'
[1.584s] Level 1:colcon.colcon_core.package_identification:_identify(.) by extensions ['cmake', 'python']
[1.584s] Level 1:colcon.colcon_core.package_identification:_identify(.) by extension 'cmake'
[1.584s] Level 1:colcon.colcon_core.package_identification:_identify(.) by extension 'python'
[1.584s] Level 1:colcon.colcon_core.package_identification:_identify(.) by extensions ['python_setup_py']
[1.585s] Level 1:colcon.colcon_core.package_identification:_identify(.) by extension 'python_setup_py'
[1.585s] Level 1:colcon.colcon_core.package_identification:_identify(build) by extensions ['ignore', 'ignore_ament_install']
[1.585s] Level 1:colcon.colcon_core.package_identification:_identify(build) by extension 'ignore'
[1.586s] Level 1:colcon.colcon_core.package_identification:_identify(build) ignored
[1.586s] Level 1:colcon.colcon_core.package_identification:_identify(drone) by extensions ['ignore', 'ignore_ament_install']
[1.586s] Level 1:colcon.colcon_core.package_identification:_identify(drone) by extension 'ignore'
[1.587s] Level 1:colcon.colcon_core.package_identification:_identify(drone) by extension 'ignore_ament_install'
[1.587s] Level 1:colcon.colcon_core.package_identification:_identify(drone) by extensions ['colcon_pkg']
[1.587s] Level 1:colcon.colcon_core.package_identification:_identify(drone) by extension 'colcon_pkg'
[1.587s] Level 1:colcon.colcon_core.package_identification:_identify(drone) by extensions ['colcon_meta']
[1.587s] Level 1:colcon.colcon_core.package_identification:_identify(drone) by extension 'colcon_meta'
[1.588s] Level 1:colcon.colcon_core.package_identification:_identify(drone) by extensions ['ros']
[1.588s] Level 1:colcon.colcon_core.package_identification:_identify(drone) by extension 'ros'
[1.602s] DEBUG:colcon.colcon_core.package_identification:Package 'drone' with type 'ros.ament_cmake' and name 'drone'
[1.603s] Level 1:colcon.colcon_core.package_identification:_identify(install) by extensions ['ignore', 'ignore_ament_install']
[1.603s] Level 1:colcon.colcon_core.package_identification:_identify(install) by extension 'ignore'
[1.603s] Level 1:colcon.colcon_core.package_identification:_identify(install) ignored
[1.604s] Level 1:colcon.colcon_core.package_identification:_identify(log) by extensions ['ignore', 'ignore_ament_install']
[1.604s] Level 1:colcon.colcon_core.package_identification:_identify(log) by extension 'ignore'
[1.604s] Level 1:colcon.colcon_core.package_identification:_identify(log) ignored
[1.604s] Level 1:colcon.colcon_core.package_discovery:discover_packages(recursive) using defaults
[1.605s] Level 1:colcon.colcon_core.package_discovery:discover_packages(ignore) discover
[1.605s] Level 1:colcon.colcon_core.package_discovery:discover_packages(ignore) using defaults
[1.605s] Level 1:colcon.colcon_core.package_discovery:discover_packages(path) discover
[1.605s] Level 1:colcon.colcon_core.package_discovery:discover_packages(path) using defaults
[1.724s] Level 1:colcon.colcon_core.package_discovery:discover_packages(prefix_path) check parameters
[1.724s] Level 1:colcon.colcon_core.package_discovery:discover_packages(prefix_path) discover
[1.738s] DEBUG:colcon.colcon_installed_package_information.package_discovery:Found 256 installed packages in /opt/ros/foxy
[1.746s] Level 1:colcon.colcon_core.package_discovery:discover_packages(prefix_path) using defaults
[2.018s] Level 5:colcon.colcon_core.verb:set package 'drone' build argument 'cmake_args' from command line to 'None'
[2.018s] Level 5:colcon.colcon_core.verb:set package 'drone' build argument 'cmake_target' from command line to 'None'
[2.018s] Level 5:colcon.colcon_core.verb:set package 'drone' build argument 'cmake_target_skip_unavailable' from command line to 'False'
[2.018s] Level 5:colcon.colcon_core.verb:set package 'drone' build argument 'cmake_clean_cache' from command line to 'False'
[2.019s] Level 5:colcon.colcon_core.verb:set package 'drone' build argument 'cmake_clean_first' from command line to 'False'
[2.019s] Level 5:colcon.colcon_core.verb:set package 'drone' build argument 'cmake_force_configure' from command line to 'False'
[2.019s] Level 5:colcon.colcon_core.verb:set package 'drone' build argument 'ament_cmake_args' from command line to 'None'
[2.019s] Level 5:colcon.colcon_core.verb:set package 'drone' build argument 'catkin_cmake_args' from command line to 'None'
[2.019s] Level 5:colcon.colcon_core.verb:set package 'drone' build argument 'catkin_skip_building_tests' from command line to 'False'
[2.019s] DEBUG:colcon.colcon_core.verb:Building package 'drone' with the following arguments: {'ament_cmake_args': None, 'build_base': '/home/jetson/P4_DroneProject/build/drone', 'catkin_cmake_args': None, 'catkin_skip_building_tests': False, 'cmake_args': None, 'cmake_clean_cache': False, 'cmake_clean_first': False, 'cmake_force_configure': False, 'cmake_target': None, 'cmake_target_skip_unavailable': False, 'install_base': '/home/jetson/P4_DroneProject/install/drone', 'merge_install': False, 'path': '/home/jetson/P4_DroneProject/drone', 'symlink_install': False, 'test_result_base': None}
[2.020s] INFO:colcon.colcon_core.executor:Executing jobs using 'parallel' executor
[2.023s] DEBUG:colcon.colcon_parallel_executor.executor.parallel:run_until_complete
[2.024s] INFO:colcon.colcon_ros.task.ament_cmake.build:Building ROS package in '/home/jetson/P4_DroneProject/drone' with build type 'ament_cmake'
[2.024s] INFO:colcon.colcon_cmake.task.cmake.build:Building CMake package in '/home/jetson/P4_DroneProject/drone'
[2.042s] INFO:colcon.colcon_core.plugin_system:Skipping extension 'colcon_core.shell.bat': Not used on non-Windows systems
[2.043s] INFO:colcon.colcon_core.shell:Skip shell extension 'powershell' for command environment: Not usable outside of PowerShell
[2.043s] DEBUG:colcon.colcon_core.shell:Skip shell extension 'dsv' for command environment
[2.073s] DEBUG:colcon.colcon_core.event_handler.log_command:Invoking command in '/home/jetson/P4_DroneProject/build/drone': CMAKE_PREFIX_PATH=/opt/ros/foxy /usr/bin/cmake /home/jetson/P4_DroneProject/drone -DCMAKE_INSTALL_PREFIX=/home/jetson/P4_DroneProject/install/drone
[8.936s] DEBUG:colcon.colcon_core.event_handler.log_command:Invoked command in '/home/jetson/P4_DroneProject/build/drone' returned '0': CMAKE_PREFIX_PATH=/opt/ros/foxy /usr/bin/cmake /home/jetson/P4_DroneProject/drone -DCMAKE_INSTALL_PREFIX=/home/jetson/P4_DroneProject/install/drone
[8.946s] DEBUG:colcon.colcon_core.event_handler.log_command:Invoking command in '/home/jetson/P4_DroneProject/build/drone': CMAKE_PREFIX_PATH=/opt/ros/foxy /usr/bin/cmake --build /home/jetson/P4_DroneProject/build/drone -- -j4 -l4
[15.633s] DEBUG:colcon.colcon_core.event_handler.log_command:Invoked command in '/home/jetson/P4_DroneProject/build/drone' returned '0': CMAKE_PREFIX_PATH=/opt/ros/foxy /usr/bin/cmake --build /home/jetson/P4_DroneProject/build/drone -- -j4 -l4
[15.717s] DEBUG:colcon.colcon_core.event_handler.log_command:Invoking command in '/home/jetson/P4_DroneProject/build/drone': CMAKE_PREFIX_PATH=/opt/ros/foxy /usr/bin/cmake --install /home/jetson/P4_DroneProject/build/drone
[15.924s] Level 1:colcon.colcon_core.environment:create_environment_scripts_only(drone)
[15.926s] DEBUG:colcon.colcon_core.event_handler.log_command:Invoked command in '/home/jetson/P4_DroneProject/build/drone' returned '0': CMAKE_PREFIX_PATH=/opt/ros/foxy /usr/bin/cmake --install /home/jetson/P4_DroneProject/build/drone
[15.945s] Level 1:colcon.colcon_core.environment:checking '/home/jetson/P4_DroneProject/install/drone' for CMake module files
[15.948s] Level 1:colcon.colcon_core.environment:checking '/home/jetson/P4_DroneProject/install/drone' for CMake config files
[15.949s] Level 1:colcon.colcon_core.shell:create_environment_hook('drone', 'cmake_prefix_path')
[15.950s] INFO:colcon.colcon_core.shell:Creating environment hook '/home/jetson/P4_DroneProject/install/drone/share/drone/hook/cmake_prefix_path.ps1'
[15.954s] INFO:colcon.colcon_core.shell:Creating environment descriptor '/home/jetson/P4_DroneProject/install/drone/share/drone/hook/cmake_prefix_path.dsv'
[15.957s] INFO:colcon.colcon_core.shell:Creating environment hook '/home/jetson/P4_DroneProject/install/drone/share/drone/hook/cmake_prefix_path.sh'
[15.960s] Level 1:colcon.colcon_core.environment:checking '/home/jetson/P4_DroneProject/install/drone/lib'
[15.961s] Level 1:colcon.colcon_core.environment:checking '/home/jetson/P4_DroneProject/install/drone/bin'
[15.961s] Level 1:colcon.colcon_core.environment:checking '/home/jetson/P4_DroneProject/install/drone/lib/pkgconfig/drone.pc'
[15.962s] Level 1:colcon.colcon_core.environment:checking '/home/jetson/P4_DroneProject/install/drone/lib/python3.8/site-packages'
[15.962s] Level 1:colcon.colcon_core.shell:create_environment_hook('drone', 'pythonpath')
[15.963s] INFO:colcon.colcon_core.shell:Creating environment hook '/home/jetson/P4_DroneProject/install/drone/share/drone/hook/pythonpath.ps1'
[15.965s] INFO:colcon.colcon_core.shell:Creating environment descriptor '/home/jetson/P4_DroneProject/install/drone/share/drone/hook/pythonpath.dsv'
[15.966s] INFO:colcon.colcon_core.shell:Creating environment hook '/home/jetson/P4_DroneProject/install/drone/share/drone/hook/pythonpath.sh'
[15.967s] Level 1:colcon.colcon_core.environment:checking '/home/jetson/P4_DroneProject/install/drone/bin'
[15.969s] INFO:colcon.colcon_core.shell:Creating package script '/home/jetson/P4_DroneProject/install/drone/share/drone/package.ps1'
[15.973s] INFO:colcon.colcon_core.shell:Creating package descriptor '/home/jetson/P4_DroneProject/install/drone/share/drone/package.dsv'
[15.976s] INFO:colcon.colcon_core.shell:Creating package script '/home/jetson/P4_DroneProject/install/drone/share/drone/package.sh'
[15.980s] INFO:colcon.colcon_core.shell:Creating package script '/home/jetson/P4_DroneProject/install/drone/share/drone/package.bash'
[15.984s] INFO:colcon.colcon_core.shell:Creating package script '/home/jetson/P4_DroneProject/install/drone/share/drone/package.zsh'
[15.987s] Level 1:colcon.colcon_core.environment:create_file_with_runtime_dependencies(/home/jetson/P4_DroneProject/install/drone/share/colcon-core/packages/drone)
[16.046s] Level 1:colcon.colcon_core.environment:create_environment_scripts_only(drone)
[16.048s] Level 1:colcon.colcon_core.environment:checking '/home/jetson/P4_DroneProject/install/drone' for CMake module files
[16.050s] Level 1:colcon.colcon_core.environment:checking '/home/jetson/P4_DroneProject/install/drone' for CMake config files
[16.051s] Level 1:colcon.colcon_core.shell:create_environment_hook('drone', 'cmake_prefix_path')
[16.052s] INFO:colcon.colcon_core.shell:Creating environment hook '/home/jetson/P4_DroneProject/install/drone/share/drone/hook/cmake_prefix_path.ps1'
[16.054s] INFO:colcon.colcon_core.shell:Creating environment descriptor '/home/jetson/P4_DroneProject/install/drone/share/drone/hook/cmake_prefix_path.dsv'
[16.055s] INFO:colcon.colcon_core.shell:Creating environment hook '/home/jetson/P4_DroneProject/install/drone/share/drone/hook/cmake_prefix_path.sh'
[16.057s] Level 1:colcon.colcon_core.environment:checking '/home/jetson/P4_DroneProject/install/drone/lib'
[16.057s] Level 1:colcon.colcon_core.environment:checking '/home/jetson/P4_DroneProject/install/drone/bin'
[16.058s] Level 1:colcon.colcon_core.environment:checking '/home/jetson/P4_DroneProject/install/drone/lib/pkgconfig/drone.pc'
[16.059s] Level 1:colcon.colcon_core.environment:checking '/home/jetson/P4_DroneProject/install/drone/lib/python3.8/site-packages'
[16.059s] Level 1:colcon.colcon_core.shell:create_environment_hook('drone', 'pythonpath')
[16.060s] INFO:colcon.colcon_core.shell:Creating environment hook '/home/jetson/P4_DroneProject/install/drone/share/drone/hook/pythonpath.ps1'
[16.061s] INFO:colcon.colcon_core.shell:Creating environment descriptor '/home/jetson/P4_DroneProject/install/drone/share/drone/hook/pythonpath.dsv'
[16.062s] INFO:colcon.colcon_core.shell:Creating environment hook '/home/jetson/P4_DroneProject/install/drone/share/drone/hook/pythonpath.sh'
[16.064s] Level 1:colcon.colcon_core.environment:checking '/home/jetson/P4_DroneProject/install/drone/bin'
[16.066s] INFO:colcon.colcon_core.shell:Creating package script '/home/jetson/P4_DroneProject/install/drone/share/drone/package.ps1'
[16.068s] INFO:colcon.colcon_core.shell:Creating package descriptor '/home/jetson/P4_DroneProject/install/drone/share/drone/package.dsv'
[16.070s] INFO:colcon.colcon_core.shell:Creating package script '/home/jetson/P4_DroneProject/install/drone/share/drone/package.sh'
[16.071s] INFO:colcon.colcon_core.shell:Creating package script '/home/jetson/P4_DroneProject/install/drone/share/drone/package.bash'
[16.073s] INFO:colcon.colcon_core.shell:Creating package script '/home/jetson/P4_DroneProject/install/drone/share/drone/package.zsh'
[16.074s] Level 1:colcon.colcon_core.environment:create_file_with_runtime_dependencies(/home/jetson/P4_DroneProject/install/drone/share/colcon-core/packages/drone)
[16.075s] DEBUG:colcon.colcon_parallel_executor.executor.parallel:closing loop
[16.076s] DEBUG:colcon.colcon_parallel_executor.executor.parallel:loop closed
[16.076s] DEBUG:colcon.colcon_parallel_executor.executor.parallel:run_until_complete finished with '0'
[16.077s] DEBUG:colcon.colcon_core.event_reactor:joining thread
[16.111s] INFO:colcon.colcon_core.plugin_system:Skipping extension 'colcon_notification.desktop_notification.terminal_notifier': Not used on non-Darwin systems
[16.112s] INFO:colcon.colcon_core.plugin_system:Skipping extension 'colcon_notification.desktop_notification.win32': Not used on non-Windows systems
[16.112s] INFO:colcon.colcon_notification.desktop_notification:Sending desktop notification using 'notify2'
[16.184s] DEBUG:colcon.colcon_core.event_reactor:joined thread
[16.185s] INFO:colcon.colcon_core.shell:Creating prefix script '/home/jetson/P4_DroneProject/install/local_setup.ps1'
[16.190s] INFO:colcon.colcon_core.shell:Creating prefix util module '/home/jetson/P4_DroneProject/install/_local_setup_util_ps1.py'
[16.197s] INFO:colcon.colcon_core.shell:Creating prefix chain script '/home/jetson/P4_DroneProject/install/setup.ps1'
[16.202s] INFO:colcon.colcon_core.shell:Creating prefix script '/home/jetson/P4_DroneProject/install/local_setup.sh'
[16.205s] INFO:colcon.colcon_core.shell:Creating prefix util module '/home/jetson/P4_DroneProject/install/_local_setup_util_sh.py'
[16.207s] INFO:colcon.colcon_core.shell:Creating prefix chain script '/home/jetson/P4_DroneProject/install/setup.sh'
[16.213s] INFO:colcon.colcon_core.shell:Creating prefix script '/home/jetson/P4_DroneProject/install/local_setup.bash'
[16.216s] INFO:colcon.colcon_core.shell:Creating prefix chain script '/home/jetson/P4_DroneProject/install/setup.bash'
[16.220s] INFO:colcon.colcon_core.shell:Creating prefix script '/home/jetson/P4_DroneProject/install/local_setup.zsh'
[16.223s] INFO:colcon.colcon_core.shell:Creating prefix chain script '/home/jetson/P4_DroneProject/install/setup.zsh'
